[0.000000] (-) TimerEvent: {}
[0.000102] (ros_weaver) JobQueued: {'identifier': 'ros_weaver', 'dependencies': OrderedDict()}
[0.000668] (ros_weaver) JobStarted: {'identifier': 'ros_weaver'}
[0.008749] (ros_weaver) JobProgress: {'identifier': 'ros_weaver', 'progress': 'cmake'}
[0.009407] (ros_weaver) JobProgress: {'identifier': 'ros_weaver', 'progress': 'build'}
[0.010025] (ros_weaver) Command: {'cmd': ['/usr/bin/cmake', '--build', '/home/dingo/Programming/ROS2Weaver/build/ros_weaver', '--', '-j12', '-l12'], 'cwd': '/home/dingo/Programming/ROS2Weaver/build/ros_weaver', 'env': OrderedDict({'LESSOPEN': '| /usr/bin/lesspipe %s', 'LANGUAGE': 'en_AU:en', 'USER': 'dingo', 'CLAUDE_CODE_ENTRYPOINT': 'cli', 'GZ_CONFIG_PATH': '/opt/ros/jazzy/opt/gz_sim_vendor/share/gz:/opt/ros/jazzy/opt/sdformat_vendor/share/gz:/opt/ros/jazzy/opt/gz_gui_vendor/share/gz:/opt/ros/jazzy/opt/gz_transport_vendor/share/gz:/opt/ros/jazzy/opt/gz_rendering_vendor/share/gz:/opt/ros/jazzy/opt/gz_plugin_vendor/share/gz:/opt/ros/jazzy/opt/gz_fuel_tools_vendor/share/gz:/opt/ros/jazzy/opt/gz_msgs_vendor/share/gz:/opt/ros/jazzy/opt/gz_common_vendor/share/gz', 'GIT_EDITOR': 'true', 'XDG_SESSION_TYPE': 'wayland', 'CLUTTER_DISABLE_MIPMAPPED_TEXT': '1', 'SHLVL': '2', 'LD_LIBRARY_PATH': '/opt/ros/jazzy/opt/gz_sim_vendor/lib:/opt/ros/jazzy/opt/gz_sensors_vendor/lib:/opt/ros/jazzy/opt/gz_physics_vendor/lib:/opt/ros/jazzy/opt/sdformat_vendor/lib:/opt/ros/jazzy/opt/rviz_ogre_vendor/lib:/opt/ros/jazzy/lib/x86_64-linux-gnu:/opt/ros/jazzy/opt/gz_gui_vendor/lib:/opt/ros/jazzy/opt/gz_transport_vendor/lib:/opt/ros/jazzy/opt/gz_rendering_vendor/lib:/opt/ros/jazzy/opt/gz_plugin_vendor/lib:/opt/ros/jazzy/opt/gz_fuel_tools_vendor/lib:/opt/ros/jazzy/opt/gz_msgs_vendor/lib:/opt/ros/jazzy/opt/gz_common_vendor/lib:/opt/ros/jazzy/opt/gz_math_vendor/lib:/opt/ros/jazzy/opt/gz_utils_vendor/lib:/opt/ros/jazzy/opt/gz_tools_vendor/lib:/opt/ros/jazzy/opt/gz_ogre_next_vendor/lib:/opt/ros/jazzy/opt/gz_dartsim_vendor/lib:/opt/ros/jazzy/opt/gz_cmake_vendor/lib:/opt/ros/jazzy/lib', 'HOME': '/home/dingo', 'OLDPWD': '/home/dingo/Programming', 'DESKTOP_SESSION': 'ubuntu', 'NVM_BIN': '/home/dingo/.nvm/versions/node/v18.20.8/bin', 'NVM_INC': '/home/dingo/.nvm/versions/node/v18.20.8/include/node', 'ROS_PYTHON_VERSION': '3', 'GNOME_SHELL_SESSION_MODE': 'ubuntu', 'GTK_MODULES': 'gail:atk-bridge', 'NIX_PROFILES': '/nix/var/nix/profiles/default /home/dingo/.nix-profile', 'SYSTEMD_EXEC_PID': '3919', 'IM_CONFIG_CHECK_ENV': '1', 'GSM_SKIP_SSH_AGENT_WORKAROUND': 'true', 'DBUS_SESSION_BUS_ADDRESS': 'unix:path=/run/user/1000/bus', 'COLORTERM': 'truecolor', 'NVM_DIR': '/home/dingo/.nvm', 'DEBUGINFOD_URLS': 'https://debuginfod.ubuntu.com', 'IM_CONFIG_PHASE': '1', 'WAYLAND_DISPLAY': 'wayland-0', 'COLCON_PREFIX_PATH': '/home/dingo/turtlebot3_ws/install', 'ROS_DISTRO': 'jazzy', 'LOGNAME': 'dingo', '_': '/usr/bin/colcon', 'ROS_VERSION': '2', 'MEMORY_PRESSURE_WATCH': '/sys/fs/cgroup/user.slice/user-1000.slice/user@1000.service/session.slice/org.gnome.Shell@wayland.service/memory.pressure', 'XDG_SESSION_CLASS': 'user', 'USERNAME': 'dingo', 'TERM': 'xterm-256color', 'OTEL_EXPORTER_OTLP_METRICS_TEMPORALITY_PREFERENCE': 'delta', 'GNOME_DESKTOP_SESSION_ID': 'this-is-deprecated', 'PATH': '/home/dingo/.opencode/bin:/home/dingo/.nvm/versions/node/v18.20.8/bin:/opt/ros/jazzy/opt/gz_msgs_vendor/bin:/opt/ros/jazzy/opt/gz_tools_vendor/bin:/opt/ros/jazzy/opt/gz_ogre_next_vendor/bin:/opt/ros/jazzy/bin:/home/dingo/.nix-profile/bin:/nix/var/nix/profiles/default/bin:/home/dingo/.local/bin:/home/dingo/.nix-profile/bin:/nix/var/nix/profiles/default/bin:/usr/local/sbin:/usr/local/bin:/usr/sbin:/usr/bin:/sbin:/bin:/usr/games:/usr/local/games:/snap/bin:/snap/bin', 'SESSION_MANAGER': 'local/ThinkPad-X1-Yoga:@/tmp/.ICE-unix/3863,unix/ThinkPad-X1-Yoga:/tmp/.ICE-unix/3863', 'COREPACK_ENABLE_AUTO_PIN': '0', 'XDG_MENU_PREFIX': 'gnome-', 'GNOME_TERMINAL_SCREEN': '/org/gnome/Terminal/screen/6d860928_971b_4806_b9b8_735ccaa9aca8', 'GNOME_SETUP_DISPLAY': ':1', 'XDG_RUNTIME_DIR': '/run/user/1000', 'DISPLAY': ':0', 'NoDefaultCurrentDirectoryInExePath': '1', 'LANG': 'en_US.UTF-8', 'XDG_CURRENT_DESKTOP': 'ubuntu:GNOME', 'XMODIFIERS': '@im=ibus', 'XDG_SESSION_DESKTOP': 'ubuntu', 'XAUTHORITY': '/run/user/1000/.mutter-Xwaylandauth.DMMTG3', 'LS_COLORS': 'rs=0:di=01;34:ln=01;36:mh=00:pi=40;33:so=01;35:do=01;35:bd=40;33;01:cd=40;33;01:or=40;31;01:mi=00:su=37;41:sg=30;43:ca=00:tw=30;42:ow=34;42:st=37;44:ex=01;32:*.tar=01;31:*.tgz=01;31:*.arc=01;31:*.arj=01;31:*.taz=01;31:*.lha=01;31:*.lz4=01;31:*.lzh=01;31:*.lzma=01;31:*.tlz=01;31:*.txz=01;31:*.tzo=01;31:*.t7z=01;31:*.zip=01;31:*.z=01;31:*.dz=01;31:*.gz=01;31:*.lrz=01;31:*.lz=01;31:*.lzo=01;31:*.xz=01;31:*.zst=01;31:*.tzst=01;31:*.bz2=01;31:*.bz=01;31:*.tbz=01;31:*.tbz2=01;31:*.tz=01;31:*.deb=01;31:*.rpm=01;31:*.jar=01;31:*.war=01;31:*.ear=01;31:*.sar=01;31:*.rar=01;31:*.alz=01;31:*.ace=01;31:*.zoo=01;31:*.cpio=01;31:*.7z=01;31:*.rz=01;31:*.cab=01;31:*.wim=01;31:*.swm=01;31:*.dwm=01;31:*.esd=01;31:*.avif=01;35:*.jpg=01;35:*.jpeg=01;35:*.mjpg=01;35:*.mjpeg=01;35:*.gif=01;35:*.bmp=01;35:*.pbm=01;35:*.pgm=01;35:*.ppm=01;35:*.tga=01;35:*.xbm=01;35:*.xpm=01;35:*.tif=01;35:*.tiff=01;35:*.png=01;35:*.svg=01;35:*.svgz=01;35:*.mng=01;35:*.pcx=01;35:*.mov=01;35:*.mpg=01;35:*.mpeg=01;35:*.m2v=01;35:*.mkv=01;35:*.webm=01;35:*.webp=01;35:*.ogm=01;35:*.mp4=01;35:*.m4v=01;35:*.mp4v=01;35:*.vob=01;35:*.qt=01;35:*.nuv=01;35:*.wmv=01;35:*.asf=01;35:*.rm=01;35:*.rmvb=01;35:*.flc=01;35:*.avi=01;35:*.fli=01;35:*.flv=01;35:*.gl=01;35:*.dl=01;35:*.xcf=01;35:*.xwd=01;35:*.yuv=01;35:*.cgm=01;35:*.emf=01;35:*.ogv=01;35:*.ogx=01;35:*.aac=00;36:*.au=00;36:*.flac=00;36:*.m4a=00;36:*.mid=00;36:*.midi=00;36:*.mka=00;36:*.mp3=00;36:*.mpc=00;36:*.ogg=00;36:*.ra=00;36:*.wav=00;36:*.oga=00;36:*.opus=00;36:*.spx=00;36:*.xspf=00;36:*~=00;90:*#=00;90:*.bak=00;90:*.crdownload=00;90:*.dpkg-dist=00;90:*.dpkg-new=00;90:*.dpkg-old=00;90:*.dpkg-tmp=00;90:*.old=00;90:*.orig=00;90:*.part=00;90:*.rej=00;90:*.rpmnew=00;90:*.rpmorig=00;90:*.rpmsave=00;90:*.swp=00;90:*.tmp=00;90:*.ucf-dist=00;90:*.ucf-new=00;90:*.ucf-old=00;90:', 'GNOME_TERMINAL_SERVICE': ':1.3389', 'SSH_AUTH_SOCK': '/run/user/1000/keyring/ssh', 'ROS_DOMAIN_ID': '30', 'AMENT_PREFIX_PATH': '/opt/ros/jazzy', 'SHELL': '/bin/bash', 'QT_ACCESSIBILITY': '1', 'GDMSESSION': 'ubuntu', 'LESSCLOSE': '/usr/bin/lesspipe %s %s', 'CLAUDECODE': '1', 'NIX_SSL_CERT_FILE': '/etc/ssl/certs/ca-certificates.crt', 'ROS_AUTOMATIC_DISCOVERY_RANGE': 'SUBNET', 'QT_IM_MODULE': 'ibus', 'PWD': '/home/dingo/Programming/ROS2Weaver/build/ros_weaver', 'TURTLEBOT3_MODEL': 'burger', 'LC_ALL': 'en_US.UTF-8', 'XDG_CONFIG_DIRS': '/etc/xdg/xdg-ubuntu:/etc/xdg', 'NVM_CD_FLAGS': '', 'XDG_DATA_DIRS': '/usr/share/ubuntu:/usr/share/gnome:/usr/local/share/:/usr/share/:/var/lib/snapd/desktop:/home/dingo/.nix-profile/share:/nix/var/nix/profiles/default/share:/home/dingo/.nix-profile/share:/nix/var/nix/profiles/default/share:/home/dingo/.nix-profile/share:/nix/var/nix/profiles/default/share', 'QTWEBENGINE_DICTIONARIES_PATH': '/usr/share/hunspell-bdic/', 'PYTHONPATH': '/opt/ros/jazzy/lib/python3.12/site-packages', 'COLCON': '1', 'MEMORY_PRESSURE_WRITE': 'c29tZSAyMDAwMDAgMjAwMDAwMAA=', 'VTE_VERSION': '7600', 'CMAKE_PREFIX_PATH': '/opt/ros/jazzy/opt/gz_sim_vendor:/opt/ros/jazzy/opt/gz_sensors_vendor:/opt/ros/jazzy/opt/gz_physics_vendor:/opt/ros/jazzy/opt/sdformat_vendor:/opt/ros/jazzy/opt/gz_gui_vendor:/opt/ros/jazzy/opt/gz_transport_vendor:/opt/ros/jazzy/opt/gz_rendering_vendor:/opt/ros/jazzy/opt/gz_plugin_vendor:/opt/ros/jazzy/opt/gz_fuel_tools_vendor:/opt/ros/jazzy/opt/gz_msgs_vendor:/opt/ros/jazzy/opt/gz_common_vendor:/opt/ros/jazzy/opt/gz_math_vendor:/opt/ros/jazzy/opt/gz_utils_vendor:/opt/ros/jazzy/opt/gz_tools_vendor:/opt/ros/jazzy/opt/gz_ogre_next_vendor:/opt/ros/jazzy/opt/gz_dartsim_vendor:/opt/ros/jazzy/opt/gz_cmake_vendor:/opt/ros/jazzy'}), 'shell': False}
[0.039161] (ros_weaver) StdoutLine: {'line': b'-- Found ament_cmake: 2.5.4 (/opt/ros/jazzy/share/ament_cmake/cmake)\n'}
[0.099787] (-) TimerEvent: {}
[0.199984] (-) TimerEvent: {}
[0.228011] (ros_weaver) StdoutLine: {'line': b'-- Found rclcpp: 28.1.12 (/opt/ros/jazzy/share/rclcpp/cmake)\n'}
[0.250946] (ros_weaver) StdoutLine: {'line': b'-- Found rosidl_generator_c: 4.6.6 (/opt/ros/jazzy/share/rosidl_generator_c/cmake)\n'}
[0.256879] (ros_weaver) StdoutLine: {'line': b'-- Found rosidl_generator_cpp: 4.6.6 (/opt/ros/jazzy/share/rosidl_generator_cpp/cmake)\n'}
[0.264512] (ros_weaver) StdoutLine: {'line': b'-- Using all available rosidl_typesupport_c: rosidl_typesupport_fastrtps_c;rosidl_typesupport_introspection_c\n'}
[0.272731] (ros_weaver) StdoutLine: {'line': b'-- Using all available rosidl_typesupport_cpp: rosidl_typesupport_fastrtps_cpp;rosidl_typesupport_introspection_cpp\n'}
[0.300241] (-) TimerEvent: {}
[0.315278] (ros_weaver) StdoutLine: {'line': b'-- Found rmw_implementation_cmake: 7.3.2 (/opt/ros/jazzy/share/rmw_implementation_cmake/cmake)\n'}
[0.316443] (ros_weaver) StdoutLine: {'line': b'-- Found rmw_fastrtps_cpp: 8.4.3 (/opt/ros/jazzy/share/rmw_fastrtps_cpp/cmake)\n'}
[0.386817] (ros_weaver) StdoutLine: {'line': b"-- Using RMW implementation 'rmw_fastrtps_cpp' as default\n"}
[0.400340] (-) TimerEvent: {}
[0.436617] (ros_weaver) StdoutLine: {'line': b'-- Found std_msgs: 5.3.6 (/opt/ros/jazzy/share/std_msgs/cmake)\n'}
[0.457210] (ros_weaver) StdoutLine: {'line': b'-- Found ament_lint_auto: 0.17.3 (/opt/ros/jazzy/share/ament_lint_auto/cmake)\n'}
[0.500411] (-) TimerEvent: {}
[0.532790] (ros_weaver) StdoutLine: {'line': b"-- Added test 'copyright' to check source files copyright and LICENSE\n"}
[0.533829] (ros_weaver) StdoutLine: {'line': b"-- Added test 'cppcheck' to perform static code analysis on C / C++ code\n"}
[0.534073] (ros_weaver) StdoutLine: {'line': b'-- Configured cppcheck include dirs: /home/dingo/Programming/ROS2Weaver/src/ros_weaver/include\n'}
[0.534188] (ros_weaver) StdoutLine: {'line': b'-- Configured cppcheck exclude dirs and/or files: \n'}
[0.535082] (ros_weaver) StdoutLine: {'line': b"-- Added test 'cpplint' to check C / C++ code against the Google style\n"}
[0.535244] (ros_weaver) StdoutLine: {'line': b'-- Configured cpplint exclude dirs and/or files: \n'}
[0.535522] (ros_weaver) StdoutLine: {'line': b"-- Added test 'lint_cmake' to check CMake code style\n"}
[0.536446] (ros_weaver) StdoutLine: {'line': b"-- Added test 'uncrustify' to check C / C++ code style\n"}
[0.536567] (ros_weaver) StdoutLine: {'line': b'-- Configured uncrustify additional arguments: \n'}
[0.536744] (ros_weaver) StdoutLine: {'line': b"-- Added test 'xmllint' to check XML markup files\n"}
[0.537248] (ros_weaver) StdoutLine: {'line': b'-- Configuring done (0.5s)\n'}
[0.566330] (ros_weaver) StdoutLine: {'line': b'-- Generating done (0.0s)\n'}
[0.568943] (ros_weaver) StdoutLine: {'line': b'-- Build files have been written to: /home/dingo/Programming/ROS2Weaver/build/ros_weaver\n'}
[0.600570] (-) TimerEvent: {}
[0.601946] (ros_weaver) StdoutLine: {'line': b'[  0%] Built target ros_weaver_autogen_timestamp_deps\n'}
[0.670265] (ros_weaver) StdoutLine: {'line': b'[  7%] Automatic MOC and UIC for target ros_weaver\n'}
[0.700689] (-) TimerEvent: {}
[0.800996] (-) TimerEvent: {}
[0.901200] (-) TimerEvent: {}
[0.929188] (ros_weaver) StdoutLine: {'line': b'[  7%] Built target ros_weaver_autogen\n'}
[0.974414] (ros_weaver) StdoutLine: {'line': b'[ 15%] Building CXX object CMakeFiles/ros_weaver.dir/src/core/ros_package_index.cpp.o\n'}
[0.974684] (ros_weaver) StdoutLine: {'line': b'[ 30%] Building CXX object CMakeFiles/ros_weaver.dir/ros_weaver_autogen/mocs_compilation.cpp.o\n'}
[0.974825] (ros_weaver) StdoutLine: {'line': b'[ 30%] Building CXX object CMakeFiles/ros_weaver.dir/src/main.cpp.o\n'}
[0.975209] (ros_weaver) StdoutLine: {'line': b'[ 46%] Building CXX object CMakeFiles/ros_weaver.dir/src/core/code_generator.cpp.o\n'}
[0.976136] (ros_weaver) StdoutLine: {'line': b'[ 46%] Building CXX object CMakeFiles/ros_weaver.dir/src/main_window.cpp.o\n'}
[0.976328] (ros_weaver) StdoutLine: {'line': b'[ 53%] Building CXX object CMakeFiles/ros_weaver.dir/src/widgets/param_dashboard.cpp.o\n'}
[0.976445] (ros_weaver) StdoutLine: {'line': b'[ 61%] Building CXX object CMakeFiles/ros_weaver.dir/src/canvas/weaver_canvas.cpp.o\n'}
[0.976533] (ros_weaver) StdoutLine: {'line': b'[ 69%] Building CXX object CMakeFiles/ros_weaver.dir/src/canvas/package_block.cpp.o\n'}
[0.976867] (ros_weaver) StdoutLine: {'line': b'[ 76%] Building CXX object CMakeFiles/ros_weaver.dir/src/core/project.cpp.o\n'}
[0.977032] (ros_weaver) StdoutLine: {'line': b'[ 84%] Building CXX object CMakeFiles/ros_weaver.dir/src/canvas/connection_line.cpp.o\n'}
[1.001320] (-) TimerEvent: {}
[1.101700] (-) TimerEvent: {}
[1.201934] (-) TimerEvent: {}
[1.302151] (-) TimerEvent: {}
[1.402812] (-) TimerEvent: {}
[1.503062] (-) TimerEvent: {}
[1.603292] (-) TimerEvent: {}
[1.703512] (-) TimerEvent: {}
[1.803737] (-) TimerEvent: {}
[1.903968] (-) TimerEvent: {}
[1.987398] (ros_weaver) StderrLine: {'line': b'/home/dingo/Programming/ROS2Weaver/src/ros_weaver/src/core/ros_package_index.cpp: In member function \xe2\x80\x98void ros_weaver::RosPackageIndex::onSearchReplyFinished()\xe2\x80\x99:\n'}
[1.987654] (ros_weaver) StderrLine: {'line': b'/home/dingo/Programming/ROS2Weaver/src/ros_weaver/src/core/ros_package_index.cpp:118:5: warning: missing initializer for member \xe2\x80\x98ros_weaver::RosPackageInfo::localPath\xe2\x80\x99 [-Wmissing-field-initializers]\n'}
[1.987733] (ros_weaver) StderrLine: {'line': b'  118 |     };\n'}
[1.987802] (ros_weaver) StderrLine: {'line': b'      |     ^\n'}
[1.987974] (ros_weaver) StderrLine: {'line': b'/home/dingo/Programming/ROS2Weaver/src/ros_weaver/src/core/ros_package_index.cpp:118:5: warning: missing initializer for member \xe2\x80\x98ros_weaver::RosPackageInfo::localPath\xe2\x80\x99 [-Wmissing-field-initializers]\n'}
[1.988216] (ros_weaver) StderrLine: {'line': b'/home/dingo/Programming/ROS2Weaver/src/ros_weaver/src/core/ros_package_index.cpp:118:5: warning: missing initializer for member \xe2\x80\x98ros_weaver::RosPackageInfo::localPath\xe2\x80\x99 [-Wmissing-field-initializers]\n'}
[1.988391] (ros_weaver) StderrLine: {'line': b'/home/dingo/Programming/ROS2Weaver/src/ros_weaver/src/core/ros_package_index.cpp:118:5: warning: missing initializer for member \xe2\x80\x98ros_weaver::RosPackageInfo::localPath\xe2\x80\x99 [-Wmissing-field-initializers]\n'}
[1.988570] (ros_weaver) StderrLine: {'line': b'/home/dingo/Programming/ROS2Weaver/src/ros_weaver/src/core/ros_package_index.cpp:118:5: warning: missing initializer for member \xe2\x80\x98ros_weaver::RosPackageInfo::localPath\xe2\x80\x99 [-Wmissing-field-initializers]\n'}
[1.988724] (ros_weaver) StderrLine: {'line': b'/home/dingo/Programming/ROS2Weaver/src/ros_weaver/src/core/ros_package_index.cpp:118:5: warning: missing initializer for member \xe2\x80\x98ros_weaver::RosPackageInfo::localPath\xe2\x80\x99 [-Wmissing-field-initializers]\n'}
[1.988884] (ros_weaver) StderrLine: {'line': b'/home/dingo/Programming/ROS2Weaver/src/ros_weaver/src/core/ros_package_index.cpp:118:5: warning: missing initializer for member \xe2\x80\x98ros_weaver::RosPackageInfo::localPath\xe2\x80\x99 [-Wmissing-field-initializers]\n'}
[1.989679] (ros_weaver) StderrLine: {'line': b'/home/dingo/Programming/ROS2Weaver/src/ros_weaver/src/core/ros_package_index.cpp:118:5: warning: missing initializer for member \xe2\x80\x98ros_weaver::RosPackageInfo::localPath\xe2\x80\x99 [-Wmissing-field-initializers]\n'}
[1.989858] (ros_weaver) StderrLine: {'line': b'/home/dingo/Programming/ROS2Weaver/src/ros_weaver/src/core/ros_package_index.cpp:118:5: warning: missing initializer for member \xe2\x80\x98ros_weaver::RosPackageInfo::localPath\xe2\x80\x99 [-Wmissing-field-initializers]\n'}
[1.989929] (ros_weaver) StderrLine: {'line': b'/home/dingo/Programming/ROS2Weaver/src/ros_weaver/src/core/ros_package_index.cpp:118:5: warning: missing initializer for member \xe2\x80\x98ros_weaver::RosPackageInfo::localPath\xe2\x80\x99 [-Wmissing-field-initializers]\n'}
[1.989982] (ros_weaver) StderrLine: {'line': b'/home/dingo/Programming/ROS2Weaver/src/ros_weaver/src/core/ros_package_index.cpp:118:5: warning: missing initializer for member \xe2\x80\x98ros_weaver::RosPackageInfo::localPath\xe2\x80\x99 [-Wmissing-field-initializers]\n'}
[1.990051] (ros_weaver) StderrLine: {'line': b'/home/dingo/Programming/ROS2Weaver/src/ros_weaver/src/core/ros_package_index.cpp:118:5: warning: missing initializer for member \xe2\x80\x98ros_weaver::RosPackageInfo::localPath\xe2\x80\x99 [-Wmissing-field-initializers]\n'}
[1.990124] (ros_weaver) StderrLine: {'line': b'/home/dingo/Programming/ROS2Weaver/src/ros_weaver/src/core/ros_package_index.cpp:118:5: warning: missing initializer for member \xe2\x80\x98ros_weaver::RosPackageInfo::localPath\xe2\x80\x99 [-Wmissing-field-initializers]\n'}
[1.990361] (ros_weaver) StderrLine: {'line': b'/home/dingo/Programming/ROS2Weaver/src/ros_weaver/src/core/ros_package_index.cpp:118:5: warning: missing initializer for member \xe2\x80\x98ros_weaver::RosPackageInfo::localPath\xe2\x80\x99 [-Wmissing-field-initializers]\n'}
[1.990455] (ros_weaver) StderrLine: {'line': b'/home/dingo/Programming/ROS2Weaver/src/ros_weaver/src/core/ros_package_index.cpp:118:5: warning: missing initializer for member \xe2\x80\x98ros_weaver::RosPackageInfo::localPath\xe2\x80\x99 [-Wmissing-field-initializers]\n'}
[2.004076] (-) TimerEvent: {}
[2.104393] (-) TimerEvent: {}
[2.206442] (-) TimerEvent: {}
[2.306760] (-) TimerEvent: {}
[2.406972] (-) TimerEvent: {}
[2.473616] (ros_weaver) StderrLine: {'line': b'In file included from /home/dingo/Programming/ROS2Weaver/src/ros_weaver/src/main.cpp:3:\n'}
[2.473977] (ros_weaver) StderrLine: {'line': b'/home/dingo/Programming/ROS2Weaver/src/ros_weaver/include/ros_weaver/main_window.hpp:84:3: error: \xe2\x80\x98QTextEdit\xe2\x80\x99 does not name a type; did you mean \xe2\x80\x98QTextList\xe2\x80\x99?\n'}
[2.474189] (ros_weaver) StderrLine: {'line': b'   84 |   QTextEdit* outputText_;\n'}
[2.474403] (ros_weaver) StderrLine: {'line': b'      |   ^~~~~~~~~\n'}
[2.474568] (ros_weaver) StderrLine: {'line': b'      |   QTextList\n'}
[2.507116] (-) TimerEvent: {}
[2.521007] (ros_weaver) StderrLine: {'line': b'In file included from /home/dingo/Programming/ROS2Weaver/src/ros_weaver/src/main_window.cpp:1:\n'}
[2.521174] (ros_weaver) StderrLine: {'line': b'/home/dingo/Programming/ROS2Weaver/src/ros_weaver/include/ros_weaver/main_window.hpp:84:3: error: \xe2\x80\x98QTextEdit\xe2\x80\x99 does not name a type; did you mean \xe2\x80\x98QTextList\xe2\x80\x99?\n'}
[2.521240] (ros_weaver) StderrLine: {'line': b'   84 |   QTextEdit* outputText_;\n'}
[2.521294] (ros_weaver) StderrLine: {'line': b'      |   ^~~~~~~~~\n'}
[2.521357] (ros_weaver) StderrLine: {'line': b'      |   QTextList\n'}
[2.610220] (-) TimerEvent: {}
[2.675198] (ros_weaver) StderrLine: {'line': b'gmake[2]: *** [CMakeFiles/ros_weaver.dir/build.make:97: CMakeFiles/ros_weaver.dir/src/main.cpp.o] Error 1\n'}
[2.675438] (ros_weaver) StderrLine: {'line': b'gmake[2]: *** Waiting for unfinished jobs....\n'}
[2.710313] (-) TimerEvent: {}
[2.810665] (-) TimerEvent: {}
[2.851502] (ros_weaver) StderrLine: {'line': b'In file included from /home/dingo/Programming/ROS2Weaver/build/ros_weaver/ros_weaver_autogen/OQCFGOJ2WH/moc_main_window.cpp:10,\n'}
[2.851750] (ros_weaver) StderrLine: {'line': b'                 from /home/dingo/Programming/ROS2Weaver/build/ros_weaver/ros_weaver_autogen/mocs_compilation.cpp:7:\n'}
[2.851836] (ros_weaver) StderrLine: {'line': b'/home/dingo/Programming/ROS2Weaver/build/ros_weaver/ros_weaver_autogen/OQCFGOJ2WH/../../../../src/ros_weaver/include/ros_weaver/main_window.hpp:84:3: error: \xe2\x80\x98QTextEdit\xe2\x80\x99 does not name a type; did you mean \xe2\x80\x98QTextList\xe2\x80\x99?\n'}
[2.851898] (ros_weaver) StderrLine: {'line': b'   84 |   QTextEdit* outputText_;\n'}
[2.851966] (ros_weaver) StderrLine: {'line': b'      |   ^~~~~~~~~\n'}
[2.852028] (ros_weaver) StderrLine: {'line': b'      |   QTextList\n'}
[2.859993] (ros_weaver) StderrLine: {'line': b'/home/dingo/Programming/ROS2Weaver/src/ros_weaver/src/core/code_generator.cpp: In member function \xe2\x80\x98QString ros_weaver::CodeGenerator::generateNodeCpp(const ros_weaver::BlockData&, const QList<ros_weaver::ConnectionData>&, const QList<ros_weaver::ParamDefinition>&)\xe2\x80\x99:\n'}
[2.860199] (ros_weaver) StderrLine: {'line': b'/home/dingo/Programming/ROS2Weaver/src/ros_weaver/src/core/code_generator.cpp:281:70: warning: unused parameter \xe2\x80\x98connections\xe2\x80\x99 [-Wunused-parameter]\n'}
[2.860274] (ros_weaver) StderrLine: {'line': b'  281 |                                         const QList<ConnectionData>& connections,\n'}
[2.860341] (ros_weaver) StderrLine: {'line': b'      |                                         ~~~~~~~~~~~~~~~~~~~~~~~~~~~~~^~~~~~~~~~~\n'}
[2.876109] (ros_weaver) StderrLine: {'line': b'/home/dingo/Programming/ROS2Weaver/src/ros_weaver/src/main_window.cpp: In constructor \xe2\x80\x98ros_weaver::MainWindow::MainWindow(QWidget*)\xe2\x80\x99:\n'}
[2.876295] (ros_weaver) StderrLine: {'line': b'/home/dingo/Programming/ROS2Weaver/src/ros_weaver/src/main_window.cpp:38:5: error: class \xe2\x80\x98ros_weaver::MainWindow\xe2\x80\x99 does not have any field named \xe2\x80\x98outputText_\xe2\x80\x99\n'}
[2.876389] (ros_weaver) StderrLine: {'line': b'   38 |   , outputText_(nullptr)\n'}
[2.876448] (ros_weaver) StderrLine: {'line': b'      |     ^~~~~~~~~~~\n'}
[2.899019] (ros_weaver) StderrLine: {'line': b'/home/dingo/Programming/ROS2Weaver/src/ros_weaver/src/main_window.cpp: In member function \xe2\x80\x98void ros_weaver::MainWindow::setupDockWidgets()\xe2\x80\x99:\n'}
[2.899231] (ros_weaver) StderrLine: {'line': b'/home/dingo/Programming/ROS2Weaver/src/ros_weaver/src/main_window.cpp:275:3: error: \xe2\x80\x98outputText_\xe2\x80\x99 was not declared in this scope\n'}
[2.899341] (ros_weaver) StderrLine: {'line': b'  275 |   outputText_ = new QTextEdit();\n'}
[2.899446] (ros_weaver) StderrLine: {'line': b'      |   ^~~~~~~~~~~\n'}
[2.910813] (-) TimerEvent: {}
[2.920391] (ros_weaver) StderrLine: {'line': b'/home/dingo/Programming/ROS2Weaver/src/ros_weaver/src/main_window.cpp: In member function \xe2\x80\x98void ros_weaver::MainWindow::onGenerateCode()\xe2\x80\x99:\n'}
[2.920579] (ros_weaver) StderrLine: {'line': b'/home/dingo/Programming/ROS2Weaver/src/ros_weaver/src/main_window.cpp:723:3: error: \xe2\x80\x98outputText_\xe2\x80\x99 was not declared in this scope\n'}
[2.920708] (ros_weaver) StderrLine: {'line': b'  723 |   outputText_->clear();\n'}
[2.920782] (ros_weaver) StderrLine: {'line': b'      |   ^~~~~~~~~~~\n'}
[2.926519] (ros_weaver) StderrLine: {'line': b'/home/dingo/Programming/ROS2Weaver/src/ros_weaver/src/main_window.cpp: In member function \xe2\x80\x98void ros_weaver::MainWindow::onGenerationProgress(int, const QString&)\xe2\x80\x99:\n'}
[2.926719] (ros_weaver) StderrLine: {'line': b'/home/dingo/Programming/ROS2Weaver/src/ros_weaver/src/main_window.cpp:732:3: error: \xe2\x80\x98outputText_\xe2\x80\x99 was not declared in this scope\n'}
[2.926804] (ros_weaver) StderrLine: {'line': b'  732 |   outputText_->append(message);\n'}
[2.926880] (ros_weaver) StderrLine: {'line': b'      |   ^~~~~~~~~~~\n'}
[2.932791] (ros_weaver) StderrLine: {'line': b'/home/dingo/Programming/ROS2Weaver/src/ros_weaver/src/main_window.cpp: In member function \xe2\x80\x98void ros_weaver::MainWindow::onGenerationFinished(bool)\xe2\x80\x99:\n'}
[2.933007] (ros_weaver) StderrLine: {'line': b'/home/dingo/Programming/ROS2Weaver/src/ros_weaver/src/main_window.cpp:739:5: error: \xe2\x80\x98outputText_\xe2\x80\x99 was not declared in this scope\n'}
[2.933099] (ros_weaver) StderrLine: {'line': b'  739 |     outputText_->append(tr("\\nCode generation completed successfully!"));\n'}
[2.933181] (ros_weaver) StderrLine: {'line': b'      |     ^~~~~~~~~~~\n'}
[2.939152] (ros_weaver) StderrLine: {'line': b'/home/dingo/Programming/ROS2Weaver/src/ros_weaver/src/main_window.cpp:750:5: error: \xe2\x80\x98outputText_\xe2\x80\x99 was not declared in this scope\n'}
[2.939345] (ros_weaver) StderrLine: {'line': b'  750 |     outputText_->append(tr("\\nCode generation failed: %1").arg(codeGenerator_->lastError()));\n'}
[2.939449] (ros_weaver) StderrLine: {'line': b'      |     ^~~~~~~~~~~\n'}
[3.010932] (-) TimerEvent: {}
[3.099712] (ros_weaver) StderrLine: {'line': b'gmake[2]: *** [CMakeFiles/ros_weaver.dir/build.make:83: CMakeFiles/ros_weaver.dir/ros_weaver_autogen/mocs_compilation.cpp.o] Error 1\n'}
[3.111046] (-) TimerEvent: {}
[3.211238] (-) TimerEvent: {}
[3.247141] (ros_weaver) StderrLine: {'line': b'gmake[2]: *** [CMakeFiles/ros_weaver.dir/build.make:111: CMakeFiles/ros_weaver.dir/src/main_window.cpp.o] Error 1\n'}
[3.311361] (-) TimerEvent: {}
[3.356024] (ros_weaver) StderrLine: {'line': b'gmake[1]: *** [CMakeFiles/Makefile2:140: CMakeFiles/ros_weaver.dir/all] Error 2\n'}
[3.356310] (ros_weaver) StderrLine: {'line': b'gmake: *** [Makefile:146: all] Error 2\n'}
[3.358173] (ros_weaver) CommandEnded: {'returncode': 2}
[3.369269] (ros_weaver) JobEnded: {'identifier': 'ros_weaver', 'rc': 2}
[3.379801] (-) EventReactorShutdown: {}
