[0.015s] Invoking command in '/home/dingo/Programming/ROS2Weaver/build/ros_weaver': CMAKE_PREFIX_PATH=${CMAKE_PREFIX_PATH}:/opt/ros/jazzy DEBUGINFOD_URLS=https://debuginfod.ubuntu.com /usr/bin/cmake /home/dingo/Programming/ROS2Weaver/src/ros_weaver -DCMAKE_INSTALL_PREFIX=/home/dingo/Programming/ROS2Weaver/install/ros_weaver
[0.118s] -- The C compiler identification is GNU 13.3.0
[0.202s] -- The CXX compiler identification is GNU 13.3.0
[0.222s] -- Detecting C compiler ABI info
[0.319s] -- Detecting C compiler ABI info - done
[0.328s] -- Check for working C compiler: /usr/bin/cc - skipped
[0.328s] -- Detecting C compile features
[0.328s] -- Detecting C compile features - done
[0.340s] -- Detecting CXX compiler ABI info
[0.441s] -- Detecting CXX compiler ABI info - done
[0.451s] -- Check for working CXX compiler: /usr/bin/c++ - skipped
[0.451s] -- Detecting CXX compile features
[0.451s] -- Detecting CXX compile features - done
[0.459s] -- Found ament_cmake: 2.5.4 (/opt/ros/jazzy/share/ament_cmake/cmake)
[0.591s] -- Found Python3: /usr/bin/python3 (found version "3.12.3") found components: Interpreter 
[0.705s] -- Found rclcpp: 28.1.12 (/opt/ros/jazzy/share/rclcpp/cmake)
[0.768s] -- Found rosidl_generator_c: 4.6.6 (/opt/ros/jazzy/share/rosidl_generator_c/cmake)
[0.782s] -- Found rosidl_generator_cpp: 4.6.6 (/opt/ros/jazzy/share/rosidl_generator_cpp/cmake)
[0.797s] -- Using all available rosidl_typesupport_c: rosidl_typesupport_fastrtps_c;rosidl_typesupport_introspection_c
[0.814s] -- Using all available rosidl_typesupport_cpp: rosidl_typesupport_fastrtps_cpp;rosidl_typesupport_introspection_cpp
[0.885s] -- Found rmw_implementation_cmake: 7.3.2 (/opt/ros/jazzy/share/rmw_implementation_cmake/cmake)
[0.888s] -- Found rmw_fastrtps_cpp: 8.4.3 (/opt/ros/jazzy/share/rmw_fastrtps_cpp/cmake)
[0.983s] -- Found OpenSSL: /usr/lib/x86_64-linux-gnu/libcrypto.so (found version "3.0.13")  
[1.005s] -- Found FastRTPS: /opt/ros/jazzy/include (Required is at least version "2.13") 
[1.031s] -- Using RMW implementation 'rmw_fastrtps_cpp' as default
[1.101s] -- Found std_msgs: 5.3.6 (/opt/ros/jazzy/share/std_msgs/cmake)
[1.143s] -- Found ament_lint_auto: 0.17.3 (/opt/ros/jazzy/share/ament_lint_auto/cmake)
[1.250s] -- Added test 'copyright' to check source files copyright and LICENSE
[1.252s] -- Added test 'cppcheck' to perform static code analysis on C / C++ code
[1.252s] -- Configured cppcheck include dirs: /home/dingo/Programming/ROS2Weaver/src/ros_weaver/include
[1.252s] -- Configured cppcheck exclude dirs and/or files: 
[1.253s] -- Added test 'cpplint' to check C / C++ code against the Google style
[1.253s] -- Configured cpplint exclude dirs and/or files: 
[1.254s] -- Added test 'lint_cmake' to check CMake code style
[1.255s] -- Added test 'uncrustify' to check C / C++ code style
[1.255s] -- Configured uncrustify additional arguments: 
[1.255s] -- Added test 'xmllint' to check XML markup files
[1.257s] -- Configuring done (1.2s)
[1.287s] -- Generating done (0.0s)
[1.290s] -- Build files have been written to: /home/dingo/Programming/ROS2Weaver/build/ros_weaver
[1.301s] Invoked command in '/home/dingo/Programming/ROS2Weaver/build/ros_weaver' returned '0': CMAKE_PREFIX_PATH=${CMAKE_PREFIX_PATH}:/opt/ros/jazzy DEBUGINFOD_URLS=https://debuginfod.ubuntu.com /usr/bin/cmake /home/dingo/Programming/ROS2Weaver/src/ros_weaver -DCMAKE_INSTALL_PREFIX=/home/dingo/Programming/ROS2Weaver/install/ros_weaver
[1.301s] Invoking command in '/home/dingo/Programming/ROS2Weaver/build/ros_weaver': CMAKE_PREFIX_PATH=${CMAKE_PREFIX_PATH}:/opt/ros/jazzy DEBUGINFOD_URLS=https://debuginfod.ubuntu.com /usr/bin/cmake --build /home/dingo/Programming/ROS2Weaver/build/ros_weaver -- -j12 -l12
[1.347s] [  0%] Built target ros_weaver_autogen_timestamp_deps
[1.368s] [ 11%] Automatic MOC and UIC for target ros_weaver
[1.571s] [ 11%] Built target ros_weaver_autogen
[1.598s] [ 22%] Building CXX object CMakeFiles/ros_weaver.dir/src/main.cpp.o
[1.601s] [ 55%] Building CXX object CMakeFiles/ros_weaver.dir/ros_weaver_autogen/mocs_compilation.cpp.o
[1.601s] [ 55%] Building CXX object CMakeFiles/ros_weaver.dir/src/main_window.cpp.o
[1.601s] [ 55%] Building CXX object CMakeFiles/ros_weaver.dir/src/canvas/weaver_canvas.cpp.o
[1.601s] [ 66%] Building CXX object CMakeFiles/ros_weaver.dir/src/canvas/package_block.cpp.o
[1.602s] [ 77%] Building CXX object CMakeFiles/ros_weaver.dir/src/canvas/connection_line.cpp.o
[2.398s] /home/dingo/Programming/ROS2Weaver/src/ros_weaver/src/main_window.cpp: In lambda function:
[2.399s] /home/dingo/Programming/ROS2Weaver/src/ros_weaver/src/main_window.cpp:189:66: error: invalid use of incomplete type ‘class ros_weaver::PackageBlock’
[2.399s]   189 |     statusBar()->showMessage(tr("Selected: %1").arg(block ? block->packageName() : tr("None")));
[2.399s]       |                                                                  ^~
[2.399s] In file included from /home/dingo/Programming/ROS2Weaver/src/ros_weaver/src/main_window.cpp:2:
[2.399s] /home/dingo/Programming/ROS2Weaver/src/ros_weaver/include/ros_weaver/canvas/weaver_canvas.hpp:13:7: note: forward declaration of ‘class ros_weaver::PackageBlock’
[2.399s]    13 | class PackageBlock;
[2.399s]       |       ^~~~~~~~~~~~
[2.437s] In file included from /usr/include/x86_64-linux-gnu/qt5/QtGui/qtguiglobal.h:43,
[2.437s]                  from /usr/include/x86_64-linux-gnu/qt5/QtWidgets/qtwidgetsglobal.h:43,
[2.438s]                  from /usr/include/x86_64-linux-gnu/qt5/QtWidgets/qmainwindow.h:43,
[2.438s]                  from /usr/include/x86_64-linux-gnu/qt5/QtWidgets/QMainWindow:1,
[2.438s]                  from /home/dingo/Programming/ROS2Weaver/src/ros_weaver/include/ros_weaver/main_window.hpp:4,
[2.438s]                  from /home/dingo/Programming/ROS2Weaver/src/ros_weaver/src/main_window.cpp:1:
[2.438s] /usr/include/x86_64-linux-gnu/qt5/QtCore/qmetatype.h: In instantiation of ‘struct QtPrivate::IsPointerToTypeDerivedFromQObject<ros_weaver::PackageBlock*>’:
[2.438s] /usr/include/x86_64-linux-gnu/qt5/QtCore/qmetatype.h:1756:60:   required from ‘struct QMetaTypeId<ros_weaver::PackageBlock*>’
[2.438s] /usr/include/x86_64-linux-gnu/qt5/QtCore/qmetatype.h:1775:38:   required from ‘struct QMetaTypeId2<ros_weaver::PackageBlock*>’
[2.438s] /usr/include/x86_64-linux-gnu/qt5/QtCore/qobject_impl.h:68:41:   required from ‘struct QtPrivate::TypesAreDeclaredMetaType<QtPrivate::List<ros_weaver::PackageBlock*> >’
[2.438s] /usr/include/x86_64-linux-gnu/qt5/QtCore/qobject.h:341:86:   required from ‘static typename std::enable_if<(QtPrivate::FunctionPointer<Func2>::ArgumentCount == -1), QMetaObject::Connection>::type QObject::connect(const typename QtPrivate::FunctionPointer<Func>::Object*, Func1, const QObject*, Func2, Qt::ConnectionType) [with Func1 = void (ros_weaver::WeaverCanvas::*)(ros_weaver::PackageBlock*); Func2 = ros_weaver::MainWindow::setupCentralWidget()::<lambda(ros_weaver::PackageBlock*)>; typename std::enable_if<(QtPrivate::FunctionPointer<Func2>::ArgumentCount == -1), QMetaObject::Connection>::type = QMetaObject::Connection; typename QtPrivate::FunctionPointer<Func>::Object = ros_weaver::WeaverCanvas]’
[2.438s] /home/dingo/Programming/ROS2Weaver/src/ros_weaver/src/main_window.cpp:188:10:   required from here
[2.438s] /usr/include/x86_64-linux-gnu/qt5/QtCore/qmetatype.h:1528:9: error: invalid application of ‘sizeof’ to incomplete type ‘ros_weaver::PackageBlock’
[2.438s]  1528 |         Q_STATIC_ASSERT_X(sizeof(T), "Type argument of Q_DECLARE_METATYPE(T*) must be fully defined");
[2.438s]       |         ^~~~~~~~~~~~~~~~~
[2.519s] gmake[2]: *** [CMakeFiles/ros_weaver.dir/build.make:111: CMakeFiles/ros_weaver.dir/src/main_window.cpp.o] Error 1
[2.519s] gmake[2]: *** Waiting for unfinished jobs....
[2.626s] /home/dingo/Programming/ROS2Weaver/src/ros_weaver/src/canvas/package_block.cpp: In member function ‘virtual void ros_weaver::PackageBlock::paint(QPainter*, const QStyleOptionGraphicsItem*, QWidget*)’:
[2.626s] /home/dingo/Programming/ROS2Weaver/src/ros_weaver/src/canvas/package_block.cpp:65:39: error: cannot convert ‘QRectF’ to ‘const QPainterPath&’
[2.626s]    65 |   headerPath = headerPath.intersected(QRectF(0, 0, BLOCK_WIDTH, HEADER_HEIGHT));
[2.626s]       |                                       ^~~~~~~~~~~~~~~~~~~~~~~~~~~~~~~~~~~~~~~~
[2.626s]       |                                       |
[2.626s]       |                                       QRectF
[2.626s] In file included from /usr/include/x86_64-linux-gnu/qt5/QtWidgets/qgraphicsitem.h:48,
[2.626s]                  from /usr/include/x86_64-linux-gnu/qt5/QtWidgets/QGraphicsItem:1,
[2.626s]                  from /home/dingo/Programming/ROS2Weaver/src/ros_weaver/include/ros_weaver/canvas/package_block.hpp:4,
[2.626s]                  from /home/dingo/Programming/ROS2Weaver/src/ros_weaver/src/canvas/package_block.cpp:1:
[2.626s] /usr/include/x86_64-linux-gnu/qt5/QtGui/qpainterpath.h:205:68: note:   initializing argument 1 of ‘QPainterPath QPainterPath::intersected(const QPainterPath&) const’
[2.627s]   205 |     Q_REQUIRED_RESULT QPainterPath intersected(const QPainterPath &r) const;
[2.627s]       |                                                ~~~~~~~~~~~~~~~~~~~~^
[2.796s] gmake[2]: *** [CMakeFiles/ros_weaver.dir/build.make:139: CMakeFiles/ros_weaver.dir/src/canvas/package_block.cpp.o] Error 1
[3.102s] gmake[1]: *** [CMakeFiles/Makefile2:140: CMakeFiles/ros_weaver.dir/all] Error 2
[3.103s] gmake: *** [Makefile:146: all] Error 2
[3.105s] Invoked command in '/home/dingo/Programming/ROS2Weaver/build/ros_weaver' returned '2': CMAKE_PREFIX_PATH=${CMAKE_PREFIX_PATH}:/opt/ros/jazzy DEBUGINFOD_URLS=https://debuginfod.ubuntu.com /usr/bin/cmake --build /home/dingo/Programming/ROS2Weaver/build/ros_weaver -- -j12 -l12
